<?xml version="1.0" encoding="UTF-8"?>
<!-- Generated by org.testng.reporters.JUnitReportReporter -->
<testsuite skipped="0" hostname="PE-HO-ATH-073" name="greenMobile.test.Ejecucion" tests="1" failures="0" timestamp="2020-02-19T11:57:15 COT" time="186.056" errors="0">
  <testcase name="ingresarLogin" time="186.056" classname="greenMobile.test.Ejecucion"/>
</testsuite> <!-- greenMobile.test.Ejecucion -->
